INFO  Start processing
INFO  Hexo is running at http://localhost:4000/. Press Ctrl+C to stop.
TypeError: The header content contains invalid characters
    at ServerResponse.OutgoingMessage.setHeader (_http_outgoing.js:358:11)
    at /root/blogs/node_modules/hexo-server/lib/middlewares/route.js:27:11
    at call (/root/blogs/node_modules/connect/index.js:239:7)
    at next (/root/blogs/node_modules/connect/index.js:183:5)
    at /root/blogs/node_modules/hexo-server/lib/middlewares/header.js:9:5
    at call (/root/blogs/node_modules/connect/index.js:239:7)
    at next (/root/blogs/node_modules/connect/index.js:183:5)
    at Function.handle (/root/blogs/node_modules/connect/index.js:186:3)
    at Server.app (/root/blogs/node_modules/connect/index.js:51:37)
    at emitTwo (events.js:106:13)
    at Server.emit (events.js:191:7)
    at HTTPParser.parserOnIncoming [as onIncoming] (_http_server.js:546:12)
    at HTTPParser.parserOnHeadersComplete (_http_common.js:99:23)
TypeError: The header content contains invalid characters
    at ServerResponse.OutgoingMessage.setHeader (_http_outgoing.js:358:11)
    at /root/blogs/node_modules/hexo-server/lib/middlewares/route.js:27:11
    at call (/root/blogs/node_modules/connect/index.js:239:7)
    at next (/root/blogs/node_modules/connect/index.js:183:5)
    at /root/blogs/node_modules/hexo-server/lib/middlewares/header.js:9:5
    at call (/root/blogs/node_modules/connect/index.js:239:7)
    at next (/root/blogs/node_modules/connect/index.js:183:5)
    at Function.handle (/root/blogs/node_modules/connect/index.js:186:3)
    at Server.app (/root/blogs/node_modules/connect/index.js:51:37)
    at emitTwo (events.js:106:13)
    at Server.emit (events.js:191:7)
    at HTTPParser.parserOnIncoming [as onIncoming] (_http_server.js:546:12)
    at HTTPParser.parserOnHeadersComplete (_http_common.js:99:23)
TypeError: The header content contains invalid characters
    at ServerResponse.OutgoingMessage.setHeader (_http_outgoing.js:358:11)
    at /root/blogs/node_modules/hexo-server/lib/middlewares/route.js:27:11
    at call (/root/blogs/node_modules/connect/index.js:239:7)
    at next (/root/blogs/node_modules/connect/index.js:183:5)
    at /root/blogs/node_modules/hexo-server/lib/middlewares/header.js:9:5
    at call (/root/blogs/node_modules/connect/index.js:239:7)
    at next (/root/blogs/node_modules/connect/index.js:183:5)
    at Function.handle (/root/blogs/node_modules/connect/index.js:186:3)
    at Server.app (/root/blogs/node_modules/connect/index.js:51:37)
    at emitTwo (events.js:106:13)
    at Server.emit (events.js:191:7)
    at HTTPParser.parserOnIncoming [as onIncoming] (_http_server.js:546:12)
    at HTTPParser.parserOnHeadersComplete (_http_common.js:99:23)
TypeError: The header content contains invalid characters
    at ServerResponse.OutgoingMessage.setHeader (_http_outgoing.js:358:11)
    at /root/blogs/node_modules/hexo-server/lib/middlewares/route.js:27:11
    at call (/root/blogs/node_modules/connect/index.js:239:7)
    at next (/root/blogs/node_modules/connect/index.js:183:5)
    at /root/blogs/node_modules/hexo-server/lib/middlewares/header.js:9:5
    at call (/root/blogs/node_modules/connect/index.js:239:7)
    at next (/root/blogs/node_modules/connect/index.js:183:5)
    at Function.handle (/root/blogs/node_modules/connect/index.js:186:3)
    at Server.app (/root/blogs/node_modules/connect/index.js:51:37)
    at emitTwo (events.js:106:13)
    at Server.emit (events.js:191:7)
    at HTTPParser.parserOnIncoming [as onIncoming] (_http_server.js:546:12)
    at HTTPParser.parserOnHeadersComplete (_http_common.js:99:23)
